
========================================================================

** ELF Header Information

    File Name: dyn_main.o

    Machine class: ELFCLASS32 (32-bit)
    Data encoding: ELFDATA2LSB (Little endian)
    Header version: EV_CURRENT (Current version)
    File Type: ET_REL (Relocatable object) (1)
    Machine: EM_ARM (ARM)

    Entry offset (in SHF_ENTRYSECT section): 0x00000000
    Flags: None (0x02000000)

    EABI conformance : ARM EABI Version 2.

    Built with
    ARM C Compiler, ADS1.2 [Build 842]

    Header size: 52 bytes (0x34)
    Program header entry size: 32 bytes (0x20)
    Section header entry size: 40 bytes (0x28)

    Program header entries: 0
    Section header entries: 84

    Program header offset: 0 (0x00000000)
    Section header offset: 19668 (0x00004cd4)

    Section header string table index: 1

========================================================================

** Section #1 '.shstrtab' (SHT_STRTAB)
    Size   : 2069 bytes


** Section #2 '.symtab' (SHT_SYMTAB)
    Size   : 1024 bytes
    String table '.strtab'
    Last local symbol no. 56


** Section #3 '.strtab' (SHT_STRTAB)
    Size   : 1042 bytes


** Section #4 '.comment' (SHT_PROGBITS)
    Size   : 80 bytes


** Section #5 '.text' (SHT_PROGBITS) [SHF_ALLOC + SHF_EXECINSTR]
    Size   : 124 bytes (alignment 4)

    main
    $a
    .text
        0x00000000:    e92d4010    .@-.    STMFD    r13!,{r4,r14}
        0x00000004:    e28f0030    0...    ADD      r0,pc,#0x30 ; #0x3c
        0x00000008:    ebfffffe    ....    BL       LoadLibrary
        0x0000000c:    e1a04000    .@..    MOV      r4,r0
        0x00000010:    e28f105c    \...    ADD      r1,pc,#0x5c ; #0x74
        0x00000014:    e1a00004    ....    MOV      r0,r4
        0x00000018:    ebfffffe    ....    BL       GetProcAddress
        0x0000001c:    e3500000    ..P.    CMP      r0,#0
        0x00000020:    0a000001    ....    BEQ      {pc} + 0xc  ; 0x2c
        0x00000024:    e1a0e00f    ....    MOV      r14,pc
    $p
        0x00000028:    e1a0f000    ....    MOV      pc,r0
        0x0000002c:    e1a00004    ....    MOV      r0,r4
        0x00000030:    ebfffffe    ....    BL       FreeLibrary
        0x00000034:    e3a00000    ....    MOV      r0,#0
        0x00000038:    e8bd8010    ....    LDMFD    r13!,{r4,pc}
    $d
        0x0000003c:    003a0045    E.:.    DCD    3801157
        0x00000040:    0044005c    \.D.    DCD    4456540
        0x00000044:    006e0079    y.n.    DCD    7209081
        0x00000048:    006d0061    a.m.    DCD    7143521
        0x0000004c:    00630069    i.c.    DCD    6488169
        0x00000050:    0070005c    \.p.    DCD    7340124
        0x00000054:    006f0072    r.o.    DCD    7274610
        0x00000058:    0044005c    \.D.    DCD    4456540
        0x0000005c:    004e0059    Y.N.    DCD    5111897
        0x00000060:    0074005c    \.t.    DCD    7602268
        0x00000064:    006e0068    h.n.    DCD    7209064
        0x00000068:    00630069    i.c.    DCD    6488169
        0x0000006c:    002e006b    k...    DCD    3014763
        0x00000070:    0000006f    o...    DCD    111
        0x00000074:    6e6e7566    funn    DCD    1852732774
        0x00000078:    00000079    y...    DCD    121

** Section #83 '.rel.text' (SHT_REL)
    Size   : 24 bytes
    Symbol table '.symtab'
    3 relocations applied to section #5 '.text'


** Section #6 '.debug_abbrev' (SHT_PROGBITS) [SHF_COMDEF]
    Size   : 1004 bytes


** Section #7 '.debug_line$$$dyn_prot.h' (SHT_PROGBITS) [SHF_COMDEF]
    Size   : 60 bytes


** Section #8 '.debug_info$$$dyn_prot.h' (SHT_PROGBITS) [SHF_COMDEF]
    Size   : 196 bytes


** Section #82 '.rel.debug_info$$$dyn_prot.h' (SHT_REL)
    Size   : 24 bytes
    Symbol table '.symtab'
    3 relocations applied to section #8 '.debug_info$$$dyn_prot.h'


** Section #9 '.debug_pubnames$$$dyn_prot.h' (SHT_PROGBITS) [SHF_COMDEF]
    Size   : 72 bytes


** Section #81 '.rel.debug_pubnames$$$dyn_prot.h' (SHT_REL)
    Size   : 8 bytes
    Symbol table '.symtab'
    1 relocations applied to section #9 '.debug_pubnames$$$dyn_prot.h'


** Section #10 '.debug_macinfo$$$dyn_prot.h' (SHT_PROGBITS) [SHF_COMDEF]
    Size   : 40 bytes


** Section #11 '.debug_line$$$arm_elf.h' (SHT_PROGBITS) [SHF_COMDEF]
    Size   : 60 bytes


** Section #12 '.debug_info$$$arm_elf.h' (SHT_PROGBITS) [SHF_COMDEF]
    Size   : 936 bytes


** Section #80 '.rel.debug_info$$$arm_elf.h' (SHT_REL)
    Size   : 24 bytes
    Symbol table '.symtab'
    3 relocations applied to section #12 '.debug_info$$$arm_elf.h'


** Section #13 '.debug_pubnames$$$arm_elf.h' (SHT_PROGBITS) [SHF_COMDEF]
    Size   : 168 bytes


** Section #79 '.rel.debug_pubnames$$$arm_elf.h' (SHT_REL)
    Size   : 8 bytes
    Symbol table '.symtab'
    1 relocations applied to section #13 '.debug_pubnames$$$arm_elf.h'


** Section #14 '.debug_macinfo$$$arm_elf.h' (SHT_PROGBITS) [SHF_COMDEF]
    Size   : 520 bytes


** Section #15 '.debug_line$$$loader.h' (SHT_PROGBITS) [SHF_COMDEF]
    Size   : 72 bytes


** Section #16 '.debug_info$$$loader.h' (SHT_PROGBITS) [SHF_COMDEF]
    Size   : 452 bytes


** Section #78 '.rel.debug_info$$$loader.h' (SHT_REL)
    Size   : 72 bytes
    Symbol table '.symtab'
    9 relocations applied to section #16 '.debug_info$$$loader.h'


** Section #17 '.debug_pubnames$$$loader.h' (SHT_PROGBITS) [SHF_COMDEF]
    Size   : 236 bytes


** Section #77 '.rel.debug_pubnames$$$loader.h' (SHT_REL)
    Size   : 8 bytes
    Symbol table '.symtab'
    1 relocations applied to section #17 '.debug_pubnames$$$loader.h'


** Section #18 '.debug_macinfo$$$loader.h' (SHT_PROGBITS) [SHF_COMDEF]
    Size   : 48 bytes


** Section #19 '.debug_line$$$stdio.h' (SHT_PROGBITS) [SHF_COMDEF]
    Size   : 80 bytes


** Section #20 '.debug_info$$$stdio.h' (SHT_PROGBITS) [SHF_COMDEF]
    Size   : 264 bytes


** Section #76 '.rel.debug_info$$$stdio.h' (SHT_REL)
    Size   : 24 bytes
    Symbol table '.symtab'
    3 relocations applied to section #20 '.debug_info$$$stdio.h'


** Section #21 '.debug_pubnames$$$stdio.h' (SHT_PROGBITS) [SHF_COMDEF]
    Size   : 132 bytes


** Section #75 '.rel.debug_pubnames$$$stdio.h' (SHT_REL)
    Size   : 8 bytes
    Symbol table '.symtab'
    1 relocations applied to section #21 '.debug_pubnames$$$stdio.h'


** Section #22 '.debug_macinfo$$$stdio.h' (SHT_PROGBITS) [SHF_COMDEF]
    Size   : 496 bytes


** Section #23 '.debug_line$$$stdlib.h' (SHT_PROGBITS) [SHF_COMDEF]
    Size   : 80 bytes


** Section #24 '.debug_info$$$stdlib.h' (SHT_PROGBITS) [SHF_COMDEF]
    Size   : 564 bytes


** Section #74 '.rel.debug_info$$$stdlib.h' (SHT_REL)
    Size   : 24 bytes
    Symbol table '.symtab'
    3 relocations applied to section #24 '.debug_info$$$stdlib.h'


** Section #25 '.debug_pubnames$$$stdlib.h' (SHT_PROGBITS) [SHF_COMDEF]
    Size   : 224 bytes


** Section #73 '.rel.debug_pubnames$$$stdlib.h' (SHT_REL)
    Size   : 8 bytes
    Symbol table '.symtab'
    1 relocations applied to section #25 '.debug_pubnames$$$stdlib.h'


** Section #26 '.debug_macinfo$$$stdlib.h' (SHT_PROGBITS) [SHF_COMDEF]
    Size   : 348 bytes


** Section #27 '.debug_line$$$string.h' (SHT_PROGBITS) [SHF_COMDEF]
    Size   : 80 bytes


** Section #28 '.debug_info$$$string.h' (SHT_PROGBITS) [SHF_COMDEF]
    Size   : 128 bytes


** Section #72 '.rel.debug_info$$$string.h' (SHT_REL)
    Size   : 24 bytes
    Symbol table '.symtab'
    3 relocations applied to section #28 '.debug_info$$$string.h'


** Section #29 '.debug_pubnames$$$string.h' (SHT_PROGBITS) [SHF_COMDEF]
    Size   : 32 bytes


** Section #71 '.rel.debug_pubnames$$$string.h' (SHT_REL)
    Size   : 8 bytes
    Symbol table '.symtab'
    1 relocations applied to section #29 '.debug_pubnames$$$string.h'


** Section #30 '.debug_macinfo$$$string.h' (SHT_PROGBITS) [SHF_COMDEF]
    Size   : 72 bytes


** Section #31 '.debug_line$$$alloca.h' (SHT_PROGBITS) [SHF_COMDEF]
    Size   : 80 bytes


** Section #32 '.debug_info$$$alloca.h' (SHT_PROGBITS) [SHF_COMDEF]
    Size   : 196 bytes


** Section #70 '.rel.debug_info$$$alloca.h' (SHT_REL)
    Size   : 24 bytes
    Symbol table '.symtab'
    3 relocations applied to section #32 '.debug_info$$$alloca.h'


** Section #33 '.debug_pubnames$$$alloca.h' (SHT_PROGBITS) [SHF_COMDEF]
    Size   : 48 bytes


** Section #69 '.rel.debug_pubnames$$$alloca.h' (SHT_REL)
    Size   : 8 bytes
    Symbol table '.symtab'
    1 relocations applied to section #33 '.debug_pubnames$$$alloca.h'


** Section #34 '.debug_macinfo$$$alloca.h' (SHT_PROGBITS) [SHF_COMDEF]
    Size   : 108 bytes


** Section #35 '.debug_line$$$plt_lyr.h' (SHT_PROGBITS) [SHF_COMDEF]
    Size   : 144 bytes


** Section #36 '.debug_info$$$plt_lyr.h' (SHT_PROGBITS) [SHF_COMDEF]
    Size   : 368 bytes


** Section #68 '.rel.debug_info$$$plt_lyr.h' (SHT_REL)
    Size   : 32 bytes
    Symbol table '.symtab'
    4 relocations applied to section #36 '.debug_info$$$plt_lyr.h'


** Section #37 '.debug_pubnames$$$plt_lyr.h' (SHT_PROGBITS) [SHF_COMDEF]
    Size   : 256 bytes


** Section #67 '.rel.debug_pubnames$$$plt_lyr.h' (SHT_REL)
    Size   : 8 bytes
    Symbol table '.symtab'
    1 relocations applied to section #37 '.debug_pubnames$$$plt_lyr.h'


** Section #38 '.debug_macinfo$$$plt_lyr.h' (SHT_PROGBITS) [SHF_COMDEF]
    Size   : 364 bytes


** Section #39 '.debug_line$$$linker.h' (SHT_PROGBITS) [SHF_COMDEF]
    Size   : 72 bytes


** Section #40 '.debug_info$$$linker.h' (SHT_PROGBITS) [SHF_COMDEF]
    Size   : 1852 bytes


** Section #66 '.rel.debug_info$$$linker.h' (SHT_REL)
    Size   : 40 bytes
    Symbol table '.symtab'
    5 relocations applied to section #40 '.debug_info$$$linker.h'


** Section #41 '.debug_pubnames$$$linker.h' (SHT_PROGBITS) [SHF_COMDEF]
    Size   : 1484 bytes


** Section #65 '.rel.debug_pubnames$$$linker.h' (SHT_REL)
    Size   : 8 bytes
    Symbol table '.symtab'
    1 relocations applied to section #41 '.debug_pubnames$$$linker.h'


** Section #42 '.debug_macinfo$$$linker.h' (SHT_PROGBITS) [SHF_COMDEF]
    Size   : 1060 bytes


** Section #43 '.debug_line$$$interface.h' (SHT_PROGBITS) [SHF_COMDEF]
    Size   : 124 bytes


** Section #44 '.debug_info$$$interface.h' (SHT_PROGBITS) [SHF_COMDEF]
    Size   : 400 bytes


** Section #64 '.rel.debug_info$$$interface.h' (SHT_REL)
    Size   : 88 bytes
    Symbol table '.symtab'
    11 relocations applied to section #44 '.debug_info$$$interface.h'


** Section #45 '.debug_pubnames$$$interface.h' (SHT_PROGBITS) [SHF_COMDEF]
    Size   : 60 bytes


** Section #63 '.rel.debug_pubnames$$$interface.h' (SHT_REL)
    Size   : 8 bytes
    Symbol table '.symtab'
    1 relocations applied to section #45 '.debug_pubnames$$$interface.h'


** Section #46 '.debug_macinfo$$$interface.h' (SHT_PROGBITS) [SHF_COMDEF]
    Size   : 64 bytes


** Section #47 '.debug_line$$$dyn_main.c' (SHT_PROGBITS)
    Size   : 160 bytes


** Section #48 '.debug_info$$$dyn_main.c' (SHT_PROGBITS)
    Size   : 116 bytes


** Section #62 '.rel.debug_info$$$dyn_main.c' (SHT_REL)
    Size   : 24 bytes
    Symbol table '.symtab'
    3 relocations applied to section #48 '.debug_info$$$dyn_main.c'


** Section #49 '.debug_pubnames$$$dyn_main.c' (SHT_PROGBITS)
    Size   : 32 bytes


** Section #61 '.rel.debug_pubnames$$$dyn_main.c' (SHT_REL)
    Size   : 8 bytes
    Symbol table '.symtab'
    1 relocations applied to section #49 '.debug_pubnames$$$dyn_main.c'


** Section #50 '.debug_macinfo$$$dyn_main.c' (SHT_PROGBITS)
    Size   : 376 bytes


** Section #51 '.debug_line$$$.text' (SHT_PROGBITS)
    Size   : 128 bytes


** Section #60 '.rel.debug_line$$$.text' (SHT_REL)
    Size   : 8 bytes
    Symbol table '.symtab'
    1 relocations applied to section #51 '.debug_line$$$.text'


** Section #52 '.debug_info$$$.text' (SHT_PROGBITS)
    Size   : 364 bytes


** Section #59 '.rel.debug_info$$$.text' (SHT_REL)
    Size   : 216 bytes
    Symbol table '.symtab'
    27 relocations applied to section #52 '.debug_info$$$.text'


** Section #53 '.debug_pubnames$$$.text' (SHT_PROGBITS)
    Size   : 28 bytes


** Section #58 '.rel.debug_pubnames$$$.text' (SHT_REL)
    Size   : 8 bytes
    Symbol table '.symtab'
    1 relocations applied to section #53 '.debug_pubnames$$$.text'


** Section #54 '.debug_loc$$$.text' (SHT_PROGBITS)
    Size   : 180 bytes


** Section #57 '.rel.debug_loc$$$.text' (SHT_REL)
    Size   : 8 bytes
    Symbol table '.symtab'
    1 relocations applied to section #54 '.debug_loc$$$.text'


** Section #55 '.debug_frame$$$.text' (SHT_PROGBITS)
    Size   : 76 bytes


** Section #56 '.rel.debug_frame$$$.text' (SHT_REL)
    Size   : 16 bytes
    Symbol table '.symtab'
    2 relocations applied to section #55 '.debug_frame$$$.text'


