
========================================================================

** ELF Header Information

    File Name: nick.obj

    Machine class: ELFCLASS32 (32-bit)
    Data encoding: ELFDATA2LSB (Little endian)
    Header version: EV_CURRENT (Current version)
    File Type: ET_REL (Relocatable object) (1)
    Machine: EM_ARM (ARM)

    Entry offset (in SHF_ENTRYSECT section): 0x00000000
    Flags: EF_ARM_MAPSYMSFIRST (0x02000010)

    EABI conformance : ARM EABI Version 2.

    Built with
    Thumb C Compiler, ADS1.2 [Build 842]
    ARM Linker, ADS1.2 [Build 842] 

    Header size: 52 bytes (0x34)
    Program header entry size: 32 bytes (0x20)
    Section header entry size: 40 bytes (0x28)

    Program header entries: 0
    Section header entries: 9

    Program header offset: 0 (0x00000000)
    Section header offset: 964 (0x000003c4)

    Section header string table index: 8

========================================================================

** Section #1 '.text' (SHT_PROGBITS) [SHF_ALLOC + SHF_EXECINSTR]
    Size   : 40 bytes (alignment 4)

    ddmain
    BuildAttributes$$THUMB_ISAv1$M$PE$A:L22$X:L11$S22$IW$~STKCKD$~SHL$OSPACE$PRES8
    $t
    .text
        0x00000000:    4907        .I      LDR      r1,0x20
        0x00000002:    2073        s       MOV      r0,#0x73
        0x00000004:    7008        .p      STRB     r0,[r1,#0]
        0x00000006:    2000        .       MOV      r0,#0
        0x00000008:    4770        pG      BX       r14
    entrance
        0x0000000a:    4a06        .J      LDR      r2,0x24
        0x0000000c:    b500        ..      PUSH     {r14}
        0x0000000e:    6810        .h      LDR      r0,[r2,#0]
        0x00000010:    3001        .0      ADD      r0,#1
        0x00000012:    6010        .`      STR      r0,[r2,#0]
    $b
        0x00000014:    f7fffffe    ....    BL       ddmain  ; 0x0
        0x00000018:    6810        .h      LDR      r0,[r2,#0]
        0x0000001a:    bc08        ..      POP      {r3}
        0x0000001c:    4718        .G      BX       r3
    $d
        0x0000001e:    0000        ..      DCW    0
        0x00000020:    00000000    ....    DCD    0
        0x00000024:    00000000    ....    DCD    0

** Section #6 '.rel.text' (SHT_REL)
    Size   : 24 bytes (alignment 4)
    Symbol table '.symtab'
    3 relocations applied to section #1 '.text'


** Section #2 '.data' (SHT_PROGBITS) [SHF_ALLOC + SHF_WRITE]
    Size   : 100 bytes


** Section #3 '.bss' (SHT_NOBITS) [SHF_ALLOC + SHF_WRITE]
    Size   : 4 bytes (alignment 4)


** Section #4 '.symtab' (SHT_SYMTAB)
    Size   : 336 bytes (alignment 4)
    String table '.strtab'
    Last local symbol no. 15


** Section #5 '.strtab' (SHT_STRTAB)
    Size   : 184 bytes


** Section #7 '.comment' (SHT_PROGBITS)
    Size   : 164 bytes


** Section #8 '.shstrtab' (SHT_STRTAB)
    Size   : 64 bytes


